This is pdfTeX, Version 3.14159265-2.6-1.40.18 (TeX Live 2017/Debian) (preloaded format=pdflatex 2020.10.8)  12 DEC 2020 20:21
entering extended mode
 restricted \write18 enabled.
 %&-line parsing enabled.
**ee131a_project_krauthammer.tex
(./ee131a_project_krauthammer.tex
LaTeX2e <2017-04-15>
Babel <3.18> and hyphenation patterns for 84 language(s) loaded.
(/usr/share/texlive/texmf-dist/tex/latex/base/article.cls
Document Class: article 2014/09/29 v1.4h Standard LaTeX document class
(/usr/share/texlive/texmf-dist/tex/latex/base/size10.clo
File: size10.clo 2014/09/29 v1.4h Standard LaTeX file (size option)
)
\c@part=\count79
\c@section=\count80
\c@subsection=\count81
\c@subsubsection=\count82
\c@paragraph=\count83
\c@subparagraph=\count84
\c@figure=\count85
\c@table=\count86
\abovecaptionskip=\skip41
\belowcaptionskip=\skip42
\bibindent=\dimen102
)
(/usr/share/texlive/texmf-dist/tex/latex/amsmath/amsmath.sty
Package: amsmath 2017/09/02 v2.17a AMS math features
\@mathmargin=\skip43

For additional information on amsmath, use the `?' option.
(/usr/share/texlive/texmf-dist/tex/latex/amsmath/amstext.sty
Package: amstext 2000/06/29 v2.01 AMS text

(/usr/share/texlive/texmf-dist/tex/latex/amsmath/amsgen.sty
File: amsgen.sty 1999/11/30 v2.0 generic functions
\@emptytoks=\toks14
\ex@=\dimen103
))
(/usr/share/texlive/texmf-dist/tex/latex/amsmath/amsbsy.sty
Package: amsbsy 1999/11/29 v1.2d Bold Symbols
\pmbraise@=\dimen104
)
(/usr/share/texlive/texmf-dist/tex/latex/amsmath/amsopn.sty
Package: amsopn 2016/03/08 v2.02 operator names
)
\inf@bad=\count87
LaTeX Info: Redefining \frac on input line 213.
\uproot@=\count88
\leftroot@=\count89
LaTeX Info: Redefining \overline on input line 375.
\classnum@=\count90
\DOTSCASE@=\count91
LaTeX Info: Redefining \ldots on input line 472.
LaTeX Info: Redefining \dots on input line 475.
LaTeX Info: Redefining \cdots on input line 596.
\Mathstrutbox@=\box26
\strutbox@=\box27
\big@size=\dimen105
LaTeX Font Info:    Redeclaring font encoding OML on input line 712.
LaTeX Font Info:    Redeclaring font encoding OMS on input line 713.
\macc@depth=\count92
\c@MaxMatrixCols=\count93
\dotsspace@=\muskip10
\c@parentequation=\count94
\dspbrk@lvl=\count95
\tag@help=\toks15
\row@=\count96
\column@=\count97
\maxfields@=\count98
\andhelp@=\toks16
\eqnshift@=\dimen106
\alignsep@=\dimen107
\tagshift@=\dimen108
\tagwidth@=\dimen109
\totwidth@=\dimen110
\lineht@=\dimen111
\@envbody=\toks17
\multlinegap=\skip44
\multlinetaggap=\skip45
\mathdisplay@stack=\toks18
LaTeX Info: Redefining \[ on input line 2817.
LaTeX Info: Redefining \] on input line 2818.
)
(/usr/share/texlive/texmf-dist/tex/latex/amsfonts/amsfonts.sty
Package: amsfonts 2013/01/14 v3.01 Basic AMSFonts support
\symAMSa=\mathgroup4
\symAMSb=\mathgroup5
LaTeX Font Info:    Overwriting math alphabet `\mathfrak' in version `bold'
(Font)                  U/euf/m/n --> U/euf/b/n on input line 106.
)
(/usr/share/texlive/texmf-dist/tex/latex/amsfonts/amssymb.sty
Package: amssymb 2013/01/14 v3.01 AMS font symbols
)
(/usr/share/texlive/texmf-dist/tex/latex/amscls/amsthm.sty
Package: amsthm 2017/10/31 v2.20.4
\thm@style=\toks19
\thm@bodyfont=\toks20
\thm@headfont=\toks21
\thm@notefont=\toks22
\thm@headpunct=\toks23
\thm@preskip=\skip46
\thm@postskip=\skip47
\thm@headsep=\skip48
\dth@everypar=\toks24
)
(/usr/share/texlive/texmf-dist/tex/latex/braket/braket.sty)
(/usr/share/texlive/texmf-dist/tex/latex/pgf/frontendlayer/tikz.sty
(/usr/share/texlive/texmf-dist/tex/latex/pgf/basiclayer/pgf.sty
(/usr/share/texlive/texmf-dist/tex/latex/pgf/utilities/pgfrcs.sty
(/usr/share/texlive/texmf-dist/tex/generic/pgf/utilities/pgfutil-common.tex
\pgfutil@everybye=\toks25
\pgfutil@tempdima=\dimen112
\pgfutil@tempdimb=\dimen113

(/usr/share/texlive/texmf-dist/tex/generic/pgf/utilities/pgfutil-common-lists.t
ex)) (/usr/share/texlive/texmf-dist/tex/generic/pgf/utilities/pgfutil-latex.def
\pgfutil@abb=\box28
(/usr/share/texlive/texmf-dist/tex/latex/ms/everyshi.sty
Package: everyshi 2001/05/15 v3.00 EveryShipout Package (MS)
))
(/usr/share/texlive/texmf-dist/tex/generic/pgf/utilities/pgfrcs.code.tex
Package: pgfrcs 2015/08/07 v3.0.1a (rcs-revision 1.31)
))
Package: pgf 2015/08/07 v3.0.1a (rcs-revision 1.15)

(/usr/share/texlive/texmf-dist/tex/latex/pgf/basiclayer/pgfcore.sty
(/usr/share/texlive/texmf-dist/tex/latex/graphics/graphicx.sty
Package: graphicx 2017/06/01 v1.1a Enhanced LaTeX Graphics (DPC,SPQR)

(/usr/share/texlive/texmf-dist/tex/latex/graphics/keyval.sty
Package: keyval 2014/10/28 v1.15 key=value parser (DPC)
\KV@toks@=\toks26
)
(/usr/share/texlive/texmf-dist/tex/latex/graphics/graphics.sty
Package: graphics 2017/06/25 v1.2c Standard LaTeX Graphics (DPC,SPQR)

(/usr/share/texlive/texmf-dist/tex/latex/graphics/trig.sty
Package: trig 2016/01/03 v1.10 sin cos tan (DPC)
)
(/usr/share/texlive/texmf-dist/tex/latex/graphics-cfg/graphics.cfg
File: graphics.cfg 2016/06/04 v1.11 sample graphics configuration
)
Package graphics Info: Driver file: pdftex.def on input line 99.

(/usr/share/texlive/texmf-dist/tex/latex/graphics-def/pdftex.def
File: pdftex.def 2018/01/08 v1.0l Graphics/color driver for pdftex
))
\Gin@req@height=\dimen114
\Gin@req@width=\dimen115
)
(/usr/share/texlive/texmf-dist/tex/latex/pgf/systemlayer/pgfsys.sty
(/usr/share/texlive/texmf-dist/tex/generic/pgf/systemlayer/pgfsys.code.tex
Package: pgfsys 2014/07/09 v3.0.1a (rcs-revision 1.48)

(/usr/share/texlive/texmf-dist/tex/generic/pgf/utilities/pgfkeys.code.tex
\pgfkeys@pathtoks=\toks27
\pgfkeys@temptoks=\toks28

(/usr/share/texlive/texmf-dist/tex/generic/pgf/utilities/pgfkeysfiltered.code.t
ex
\pgfkeys@tmptoks=\toks29
))
\pgf@x=\dimen116
\pgf@y=\dimen117
\pgf@xa=\dimen118
\pgf@ya=\dimen119
\pgf@xb=\dimen120
\pgf@yb=\dimen121
\pgf@xc=\dimen122
\pgf@yc=\dimen123
\w@pgf@writea=\write3
\r@pgf@reada=\read1
\c@pgf@counta=\count99
\c@pgf@countb=\count100
\c@pgf@countc=\count101
\c@pgf@countd=\count102
\t@pgf@toka=\toks30
\t@pgf@tokb=\toks31
\t@pgf@tokc=\toks32
 (/usr/share/texlive/texmf-dist/tex/generic/pgf/systemlayer/pgf.cfg
File: pgf.cfg 2008/05/14  (rcs-revision 1.7)
)
Driver file for pgf: pgfsys-pdftex.def

(/usr/share/texlive/texmf-dist/tex/generic/pgf/systemlayer/pgfsys-pdftex.def
File: pgfsys-pdftex.def 2014/10/11  (rcs-revision 1.35)

(/usr/share/texlive/texmf-dist/tex/generic/pgf/systemlayer/pgfsys-common-pdf.de
f
File: pgfsys-common-pdf.def 2013/10/10  (rcs-revision 1.13)
)))
(/usr/share/texlive/texmf-dist/tex/generic/pgf/systemlayer/pgfsyssoftpath.code.
tex
File: pgfsyssoftpath.code.tex 2013/09/09  (rcs-revision 1.9)
\pgfsyssoftpath@smallbuffer@items=\count103
\pgfsyssoftpath@bigbuffer@items=\count104
)
(/usr/share/texlive/texmf-dist/tex/generic/pgf/systemlayer/pgfsysprotocol.code.
tex
File: pgfsysprotocol.code.tex 2006/10/16  (rcs-revision 1.4)
)) (/usr/share/texlive/texmf-dist/tex/latex/xcolor/xcolor.sty
Package: xcolor 2016/05/11 v2.12 LaTeX color extensions (UK)

(/usr/share/texlive/texmf-dist/tex/latex/graphics-cfg/color.cfg
File: color.cfg 2016/01/02 v1.6 sample color configuration
)
Package xcolor Info: Driver file: pdftex.def on input line 225.
Package xcolor Info: Model `cmy' substituted by `cmy0' on input line 1348.
Package xcolor Info: Model `hsb' substituted by `rgb' on input line 1352.
Package xcolor Info: Model `RGB' extended on input line 1364.
Package xcolor Info: Model `HTML' substituted by `rgb' on input line 1366.
Package xcolor Info: Model `Hsb' substituted by `hsb' on input line 1367.
Package xcolor Info: Model `tHsb' substituted by `hsb' on input line 1368.
Package xcolor Info: Model `HSB' substituted by `hsb' on input line 1369.
Package xcolor Info: Model `Gray' substituted by `gray' on input line 1370.
Package xcolor Info: Model `wave' substituted by `hsb' on input line 1371.
)
(/usr/share/texlive/texmf-dist/tex/generic/pgf/basiclayer/pgfcore.code.tex
Package: pgfcore 2010/04/11 v3.0.1a (rcs-revision 1.7)

(/usr/share/texlive/texmf-dist/tex/generic/pgf/math/pgfmath.code.tex
(/usr/share/texlive/texmf-dist/tex/generic/pgf/math/pgfmathcalc.code.tex
(/usr/share/texlive/texmf-dist/tex/generic/pgf/math/pgfmathutil.code.tex)
(/usr/share/texlive/texmf-dist/tex/generic/pgf/math/pgfmathparser.code.tex
\pgfmath@dimen=\dimen124
\pgfmath@count=\count105
\pgfmath@box=\box29
\pgfmath@toks=\toks33
\pgfmath@stack@operand=\toks34
\pgfmath@stack@operation=\toks35
)
(/usr/share/texlive/texmf-dist/tex/generic/pgf/math/pgfmathfunctions.code.tex
(/usr/share/texlive/texmf-dist/tex/generic/pgf/math/pgfmathfunctions.basic.code
.tex)
(/usr/share/texlive/texmf-dist/tex/generic/pgf/math/pgfmathfunctions.trigonomet
ric.code.tex)
(/usr/share/texlive/texmf-dist/tex/generic/pgf/math/pgfmathfunctions.random.cod
e.tex)
(/usr/share/texlive/texmf-dist/tex/generic/pgf/math/pgfmathfunctions.comparison
.code.tex)
(/usr/share/texlive/texmf-dist/tex/generic/pgf/math/pgfmathfunctions.base.code.
tex)
(/usr/share/texlive/texmf-dist/tex/generic/pgf/math/pgfmathfunctions.round.code
.tex)
(/usr/share/texlive/texmf-dist/tex/generic/pgf/math/pgfmathfunctions.misc.code.
tex)
(/usr/share/texlive/texmf-dist/tex/generic/pgf/math/pgfmathfunctions.integerari
thmetics.code.tex)))
(/usr/share/texlive/texmf-dist/tex/generic/pgf/math/pgfmathfloat.code.tex
\c@pgfmathroundto@lastzeros=\count106
))
(/usr/share/texlive/texmf-dist/tex/generic/pgf/basiclayer/pgfcorepoints.code.te
x
File: pgfcorepoints.code.tex 2013/10/07  (rcs-revision 1.27)
\pgf@picminx=\dimen125
\pgf@picmaxx=\dimen126
\pgf@picminy=\dimen127
\pgf@picmaxy=\dimen128
\pgf@pathminx=\dimen129
\pgf@pathmaxx=\dimen130
\pgf@pathminy=\dimen131
\pgf@pathmaxy=\dimen132
\pgf@xx=\dimen133
\pgf@xy=\dimen134
\pgf@yx=\dimen135
\pgf@yy=\dimen136
\pgf@zx=\dimen137
\pgf@zy=\dimen138
)
(/usr/share/texlive/texmf-dist/tex/generic/pgf/basiclayer/pgfcorepathconstruct.
code.tex
File: pgfcorepathconstruct.code.tex 2013/10/07  (rcs-revision 1.29)
\pgf@path@lastx=\dimen139
\pgf@path@lasty=\dimen140
)
(/usr/share/texlive/texmf-dist/tex/generic/pgf/basiclayer/pgfcorepathusage.code
.tex
File: pgfcorepathusage.code.tex 2014/11/02  (rcs-revision 1.24)
\pgf@shorten@end@additional=\dimen141
\pgf@shorten@start@additional=\dimen142
)
(/usr/share/texlive/texmf-dist/tex/generic/pgf/basiclayer/pgfcorescopes.code.te
x
File: pgfcorescopes.code.tex 2015/05/08  (rcs-revision 1.46)
\pgfpic=\box30
\pgf@hbox=\box31
\pgf@layerbox@main=\box32
\pgf@picture@serial@count=\count107
)
(/usr/share/texlive/texmf-dist/tex/generic/pgf/basiclayer/pgfcoregraphicstate.c
ode.tex
File: pgfcoregraphicstate.code.tex 2014/11/02  (rcs-revision 1.12)
\pgflinewidth=\dimen143
)
(/usr/share/texlive/texmf-dist/tex/generic/pgf/basiclayer/pgfcoretransformation
s.code.tex
File: pgfcoretransformations.code.tex 2015/08/07  (rcs-revision 1.20)
\pgf@pt@x=\dimen144
\pgf@pt@y=\dimen145
\pgf@pt@temp=\dimen146
)
(/usr/share/texlive/texmf-dist/tex/generic/pgf/basiclayer/pgfcorequick.code.tex
File: pgfcorequick.code.tex 2008/10/09  (rcs-revision 1.3)
)
(/usr/share/texlive/texmf-dist/tex/generic/pgf/basiclayer/pgfcoreobjects.code.t
ex
File: pgfcoreobjects.code.tex 2006/10/11  (rcs-revision 1.2)
)
(/usr/share/texlive/texmf-dist/tex/generic/pgf/basiclayer/pgfcorepathprocessing
.code.tex
File: pgfcorepathprocessing.code.tex 2013/09/09  (rcs-revision 1.9)
)
(/usr/share/texlive/texmf-dist/tex/generic/pgf/basiclayer/pgfcorearrows.code.te
x
File: pgfcorearrows.code.tex 2015/05/14  (rcs-revision 1.43)
\pgfarrowsep=\dimen147
)
(/usr/share/texlive/texmf-dist/tex/generic/pgf/basiclayer/pgfcoreshade.code.tex
File: pgfcoreshade.code.tex 2013/07/15  (rcs-revision 1.15)
\pgf@max=\dimen148
\pgf@sys@shading@range@num=\count108
)
(/usr/share/texlive/texmf-dist/tex/generic/pgf/basiclayer/pgfcoreimage.code.tex
File: pgfcoreimage.code.tex 2013/07/15  (rcs-revision 1.18)

(/usr/share/texlive/texmf-dist/tex/generic/pgf/basiclayer/pgfcoreexternal.code.
tex
File: pgfcoreexternal.code.tex 2014/07/09  (rcs-revision 1.21)
\pgfexternal@startupbox=\box33
))
(/usr/share/texlive/texmf-dist/tex/generic/pgf/basiclayer/pgfcorelayers.code.te
x
File: pgfcorelayers.code.tex 2013/07/18  (rcs-revision 1.7)
)
(/usr/share/texlive/texmf-dist/tex/generic/pgf/basiclayer/pgfcoretransparency.c
ode.tex
File: pgfcoretransparency.code.tex 2013/09/30  (rcs-revision 1.5)
)
(/usr/share/texlive/texmf-dist/tex/generic/pgf/basiclayer/pgfcorepatterns.code.
tex
File: pgfcorepatterns.code.tex 2013/11/07  (rcs-revision 1.5)
)))
(/usr/share/texlive/texmf-dist/tex/generic/pgf/modules/pgfmoduleshapes.code.tex
File: pgfmoduleshapes.code.tex 2014/03/21  (rcs-revision 1.35)
\pgfnodeparttextbox=\box34
) (/usr/share/texlive/texmf-dist/tex/generic/pgf/modules/pgfmoduleplot.code.tex
File: pgfmoduleplot.code.tex 2015/08/03  (rcs-revision 1.13)
)
(/usr/share/texlive/texmf-dist/tex/latex/pgf/compatibility/pgfcomp-version-0-65
.sty
Package: pgfcomp-version-0-65 2007/07/03 v3.0.1a (rcs-revision 1.7)
\pgf@nodesepstart=\dimen149
\pgf@nodesepend=\dimen150
)
(/usr/share/texlive/texmf-dist/tex/latex/pgf/compatibility/pgfcomp-version-1-18
.sty
Package: pgfcomp-version-1-18 2007/07/23 v3.0.1a (rcs-revision 1.1)
)) (/usr/share/texlive/texmf-dist/tex/latex/pgf/utilities/pgffor.sty
(/usr/share/texlive/texmf-dist/tex/latex/pgf/utilities/pgfkeys.sty
(/usr/share/texlive/texmf-dist/tex/generic/pgf/utilities/pgfkeys.code.tex))
(/usr/share/texlive/texmf-dist/tex/latex/pgf/math/pgfmath.sty
(/usr/share/texlive/texmf-dist/tex/generic/pgf/math/pgfmath.code.tex))
(/usr/share/texlive/texmf-dist/tex/generic/pgf/utilities/pgffor.code.tex
Package: pgffor 2013/12/13 v3.0.1a (rcs-revision 1.25)

(/usr/share/texlive/texmf-dist/tex/generic/pgf/math/pgfmath.code.tex)
\pgffor@iter=\dimen151
\pgffor@skip=\dimen152
\pgffor@stack=\toks36
\pgffor@toks=\toks37
))
(/usr/share/texlive/texmf-dist/tex/generic/pgf/frontendlayer/tikz/tikz.code.tex
Package: tikz 2015/08/07 v3.0.1a (rcs-revision 1.151)

(/usr/share/texlive/texmf-dist/tex/generic/pgf/libraries/pgflibraryplothandlers
.code.tex
File: pgflibraryplothandlers.code.tex 2013/08/31 v3.0.1a (rcs-revision 1.20)
\pgf@plot@mark@count=\count109
\pgfplotmarksize=\dimen153
)
\tikz@lastx=\dimen154
\tikz@lasty=\dimen155
\tikz@lastxsaved=\dimen156
\tikz@lastysaved=\dimen157
\tikzleveldistance=\dimen158
\tikzsiblingdistance=\dimen159
\tikz@figbox=\box35
\tikz@figbox@bg=\box36
\tikz@tempbox=\box37
\tikz@tempbox@bg=\box38
\tikztreelevel=\count110
\tikznumberofchildren=\count111
\tikznumberofcurrentchild=\count112
\tikz@fig@count=\count113

(/usr/share/texlive/texmf-dist/tex/generic/pgf/modules/pgfmodulematrix.code.tex
File: pgfmodulematrix.code.tex 2013/09/17  (rcs-revision 1.8)
\pgfmatrixcurrentrow=\count114
\pgfmatrixcurrentcolumn=\count115
\pgf@matrix@numberofcolumns=\count116
)
\tikz@expandcount=\count117

(/usr/share/texlive/texmf-dist/tex/generic/pgf/frontendlayer/tikz/libraries/tik
zlibrarytopaths.code.tex
File: tikzlibrarytopaths.code.tex 2008/06/17 v3.0.1a (rcs-revision 1.2)
)))
(/usr/share/texlive/texmf-dist/tex/latex/breqn/breqn.sty
(/usr/share/texlive/texmf-dist/tex/latex/l3kernel/expl3.sty
Package: expl3 2018/02/21 L3 programming layer (loader) 

(/usr/share/texlive/texmf-dist/tex/latex/l3kernel/expl3-code.tex
Package: expl3 2018/02/21 L3 programming layer (code)
\c_max_int=\count118
\l_tmpa_int=\count119
\l_tmpb_int=\count120
\g_tmpa_int=\count121
\g_tmpb_int=\count122
\g__intarray_font_int=\count123
\g__prg_map_int=\count124
\c_log_iow=\count125
\l_iow_line_count_int=\count126
\l__iow_line_target_int=\count127
\l__iow_one_indent_int=\count128
\l__iow_indent_int=\count129
\c_zero_dim=\dimen160
\c_max_dim=\dimen161
\l_tmpa_dim=\dimen162
\l_tmpb_dim=\dimen163
\g_tmpa_dim=\dimen164
\g_tmpb_dim=\dimen165
\c_zero_skip=\skip49
\c_max_skip=\skip50
\l_tmpa_skip=\skip51
\l_tmpb_skip=\skip52
\g_tmpa_skip=\skip53
\g_tmpb_skip=\skip54
\c_zero_muskip=\muskip11
\c_max_muskip=\muskip12
\l_tmpa_muskip=\muskip13
\l_tmpb_muskip=\muskip14
\g_tmpa_muskip=\muskip15
\g_tmpb_muskip=\muskip16
\l_keys_choice_int=\count130
\c__fp_leading_shift_int=\count131
\c__fp_middle_shift_int=\count132
\c__fp_trailing_shift_int=\count133
\c__fp_big_leading_shift_int=\count134
\c__fp_big_middle_shift_int=\count135
\c__fp_big_trailing_shift_int=\count136
\c__fp_Bigg_leading_shift_int=\count137
\c__fp_Bigg_middle_shift_int=\count138
\c__fp_Bigg_trailing_shift_int=\count139
\c__fp_rand_size_int=\count140
\c__fp_rand_four_int=\count141
\c__fp_rand_eight_int=\count142
\l__sort_length_int=\count143
\l__sort_min_int=\count144
\l__sort_top_int=\count145
\l__sort_max_int=\count146
\l__sort_true_max_int=\count147
\l__sort_block_int=\count148
\l__sort_begin_int=\count149
\l__sort_end_int=\count150
\l__sort_A_int=\count151
\l__sort_B_int=\count152
\l__sort_C_int=\count153
\l__tl_build_start_index_int=\count154
\l__tl_build_index_int=\count155
\l__tl_analysis_normal_int=\count156
\l__tl_analysis_index_int=\count157
\l__tl_analysis_nesting_int=\count158
\l__tl_analysis_type_int=\count159
\l__regex_internal_a_int=\count160
\l__regex_internal_b_int=\count161
\l__regex_internal_c_int=\count162
\l__regex_balance_int=\count163
\l__regex_group_level_int=\count164
\l__regex_mode_int=\count165
\c__regex_cs_in_class_mode_int=\count166
\c__regex_cs_mode_int=\count167
\l__regex_catcodes_int=\count168
\l__regex_default_catcodes_int=\count169
\c__regex_catcode_D_int=\count170
\c__regex_catcode_S_int=\count171
\c__regex_catcode_L_int=\count172
\c__regex_catcode_O_int=\count173
\c__regex_catcode_A_int=\count174
\c__regex_all_catcodes_int=\count175
\l__regex_show_lines_int=\count176
\l__regex_min_state_int=\count177
\l__regex_max_state_int=\count178
\l__regex_left_state_int=\count179
\l__regex_right_state_int=\count180
\l__regex_capturing_group_int=\count181
\l__regex_min_pos_int=\count182
\l__regex_max_pos_int=\count183
\l__regex_curr_pos_int=\count184
\l__regex_start_pos_int=\count185
\l__regex_success_pos_int=\count186
\l__regex_curr_char_int=\count187
\l__regex_curr_catcode_int=\count188
\l__regex_last_char_int=\count189
\l__regex_case_changed_char_int=\count190
\l__regex_curr_state_int=\count191
\l__regex_step_int=\count192
\l__regex_min_active_int=\count193
\l__regex_max_active_int=\count194
\l__regex_replacement_csnames_int=\count195
\l__regex_match_count_int=\count196
\l__regex_min_submatch_int=\count197
\l__regex_submatch_int=\count198
\l__regex_zeroth_submatch_int=\count199
\g__regex_trace_regex_int=\count266
\c_empty_box=\box39
\l_tmpa_box=\box40
\l_tmpb_box=\box41
\g_tmpa_box=\box42
\g_tmpb_box=\box43
\l__box_top_dim=\dimen166
\l__box_bottom_dim=\dimen167
\l__box_left_dim=\dimen168
\l__box_right_dim=\dimen169
\l__box_top_new_dim=\dimen170
\l__box_bottom_new_dim=\dimen171
\l__box_left_new_dim=\dimen172
\l__box_right_new_dim=\dimen173
\l__box_internal_box=\box44
\l__coffin_internal_box=\box45
\l__coffin_internal_dim=\dimen174
\l__coffin_offset_x_dim=\dimen175
\l__coffin_offset_y_dim=\dimen176
\l__coffin_x_dim=\dimen177
\l__coffin_y_dim=\dimen178
\l__coffin_x_prime_dim=\dimen179
\l__coffin_y_prime_dim=\dimen180
\c_empty_coffin=\box46
\l__coffin_aligned_coffin=\box47
\l__coffin_aligned_internal_coffin=\box48
\l_tmpa_coffin=\box49
\l_tmpb_coffin=\box50
\l__coffin_display_coffin=\box51
\l__coffin_display_coord_coffin=\box52
\l__coffin_display_pole_coffin=\box53
\l__coffin_display_offset_dim=\dimen181
\l__coffin_display_x_dim=\dimen182
\l__coffin_display_y_dim=\dimen183
\l__coffin_bounding_shift_dim=\dimen184
\l__coffin_left_corner_dim=\dimen185
\l__coffin_right_corner_dim=\dimen186
\l__coffin_bottom_corner_dim=\dimen187
\l__coffin_top_corner_dim=\dimen188
\l__coffin_scaled_total_height_dim=\dimen189
\l__coffin_scaled_width_dim=\dimen190
)
(/usr/share/texlive/texmf-dist/tex/latex/l3kernel/l3pdfmode.def
File: l3pdfmode.def 2017/03/18 v L3 Experimental driver: PDF mode
\l__driver_color_stack_int=\count267
\l__driver_tmp_box=\box54
))
Package: breqn 2017/01/27 v0.98e Breaking equations

(/usr/share/texlive/texmf-dist/tex/latex/breqn/flexisym.sty
Package: flexisym 2017/01/27 v0.98e Make math characters macros
LaTeX Info: Redefining \textprime on input line 300.
LaTeX Info: Redefining \not on input line 358.

(/usr/share/texlive/texmf-dist/tex/latex/breqn/cmbase.sym
File: cmbase.sym 2007/12/19 v0.92
LaTeX Info: Redefining \hbar on input line 325.
LaTeX Info: Redefining \surd on input line 327.
LaTeX Info: Redefining \angle on input line 335.
LaTeX Info: Redefining \neq on input line 336.
LaTeX Info: Redefining \mapsto on input line 337.
LaTeX Info: Redefining \cong on input line 338.
LaTeX Info: Redefining \notin on input line 341.
LaTeX Info: Redefining \rightleftharpoons on input line 342.
LaTeX Info: Redefining \doteq on input line 343.
LaTeX Info: Redefining \hookrightarrow on input line 344.
LaTeX Info: Redefining \hookleftarrow on input line 345.
LaTeX Info: Redefining \bowtie on input line 346.
LaTeX Info: Redefining \models on input line 347.
LaTeX Info: Redefining \Longrightarrow on input line 348.
LaTeX Info: Redefining \longrightarrow on input line 349.
LaTeX Info: Redefining \Longleftarrow on input line 350.
LaTeX Info: Redefining \longleftarrow on input line 351.
LaTeX Info: Redefining \longmapsto on input line 352.
LaTeX Info: Redefining \longleftrightarrow on input line 353.
LaTeX Info: Redefining \Longleftrightarrow on input line 354.
LaTeX Info: Redefining \cdots on input line 358.
LaTeX Info: Redefining \vdots on input line 361.
LaTeX Info: Redefining \ddots on input line 366.
)
(/usr/share/texlive/texmf-dist/tex/latex/breqn/mathstyle.sty
Package: mathstyle 2017/01/27 0.98e Tracking mathstyle implicitly
LaTeX Info: Redefining \displaystyle on input line 93.
LaTeX Info: Redefining \textstyle on input line 95.
LaTeX Info: Redefining \scriptstyle on input line 97.
LaTeX Info: Redefining \scriptscriptstyle on input line 99.
LaTeX Info: Redefining \genfrac on input line 145.
))
(/usr/share/texlive/texmf-dist/tex/latex/tools/calc.sty
Package: calc 2014/10/28 v4.3 Infix arithmetic (KKT,FJ)
\calc@Acount=\count268
\calc@Bcount=\count269
\calc@Adimen=\dimen191
\calc@Bdimen=\dimen192
\calc@Askip=\skip55
\calc@Bskip=\skip56
LaTeX Info: Redefining \setlength on input line 80.
LaTeX Info: Redefining \addtolength on input line 81.
\calc@Ccount=\count270
\calc@Cskip=\skip57
)
\inf@bad=\count271
\maxint=\count272
\listwidth=\dimen193
\eqnumsep=\dimen194
\eqmargin=\dimen195
\eqlinespacing=\skip58
\eqlineskip=\skip59
\eqlineskiplimit=\dimen196
\eqbinoffset=\muskip17
\eqdelimoffset=\muskip18
\eqindentstep=\dimen197
\eqstyle=\toks38
\eqbreakdepth=\count273
\eqinterlinepenalty=\count274
\intereqpenalty=\count275
\intereqskip=\skip60
\prerelpenalty=\count276
\prebinoppenalty=\count277
\Dmedmuskip=\muskip19
\Dthickmuskip=\muskip20
\eqleftskip=\skip61
\eqrightskip=\skip62
\eq@vspan=\skip63
\eq@binoffset=\muskip21
\EQ@box=\box55
\EQ@copy=\box56
\EQ@numbox=\box57
\eq@wdNum=\dimen198
\GRP@numbox=\box58
\grp@wdNum=\dimen199
\eq@lines=\count278
\eq@curline=\count279
\eq@badness=\count280
\EQ@vims=\count281
\eq@dp=\dimen256
\eq@wdL=\dimen257
\eq@wdT=\dimen258
\eq@wdMin=\dimen259
\grp@wdL=\dimen260
\grp@wdR=\dimen261
\grp@wdT=\dimen262
\eq@wdRmax=\dimen263
\eq@firstht=\dimen264
\eq@wdCond=\dimen265
\eq@indentstep=\dimen266
\eq@linewidth=\dimen267
\grp@linewidth=\dimen268
\eq@hshift=\dimen269
\eq@given@sidespace=\dimen270
\mathindent=\dimen271
\eq@final@linecount=\count282
\eq@wdR=\dimen272
\EQ@continue=\toks39
\lr@level=\count283
\GRP@queue=\toks40
\GRP@box=\box59
\GRP@wholebox=\box60
\darraycolsep=\skip64
\cur@row=\count284
\cur@col=\count285
\conditionsep=\skip65
)
(/usr/share/texlive/texmf-dist/tex/generic/pgf/frontendlayer/tikz/libraries/tik
zlibraryshapes.code.tex
File: tikzlibraryshapes.code.tex 2008/01/09 v3.0.1a (rcs-revision 1.1)

(/usr/share/texlive/texmf-dist/tex/generic/pgf/frontendlayer/tikz/libraries/tik
zlibraryshapes.geometric.code.tex
File: tikzlibraryshapes.geometric.code.tex 2008/01/09 v3.0.1a (rcs-revision 1.1
)

(/usr/share/texlive/texmf-dist/tex/generic/pgf/libraries/shapes/pgflibraryshape
s.geometric.code.tex
File: pgflibraryshapes.geometric.code.tex 2008/06/26 v3.0.1a (rcs-revision 1.1)

))
(/usr/share/texlive/texmf-dist/tex/generic/pgf/frontendlayer/tikz/libraries/tik
zlibraryshapes.misc.code.tex
File: tikzlibraryshapes.misc.code.tex 2008/01/09 v3.0.1a (rcs-revision 1.1)

(/usr/share/texlive/texmf-dist/tex/generic/pgf/libraries/shapes/pgflibraryshape
s.misc.code.tex
File: pgflibraryshapes.misc.code.tex 2013/07/18 v3.0.1a (rcs-revision 1.5)
))
(/usr/share/texlive/texmf-dist/tex/generic/pgf/frontendlayer/tikz/libraries/tik
zlibraryshapes.symbols.code.tex
File: tikzlibraryshapes.symbols.code.tex 2008/01/09 v3.0.1a (rcs-revision 1.1)

(/usr/share/texlive/texmf-dist/tex/generic/pgf/libraries/shapes/pgflibraryshape
s.symbols.code.tex
File: pgflibraryshapes.symbols.code.tex 2013/09/11 v3.0.1a (rcs-revision 1.6)
))
(/usr/share/texlive/texmf-dist/tex/generic/pgf/frontendlayer/tikz/libraries/tik
zlibraryshapes.arrows.code.tex
File: tikzlibraryshapes.arrows.code.tex 2008/01/09 v3.0.1a (rcs-revision 1.1)

(/usr/share/texlive/texmf-dist/tex/generic/pgf/libraries/shapes/pgflibraryshape
s.arrows.code.tex
File: pgflibraryshapes.arrows.code.tex 2008/06/26 v3.0.1a (rcs-revision 1.1)
))
(/usr/share/texlive/texmf-dist/tex/generic/pgf/frontendlayer/tikz/libraries/tik
zlibraryshapes.callouts.code.tex
(/usr/share/texlive/texmf-dist/tex/generic/pgf/libraries/shapes/pgflibraryshape
s.callouts.code.tex))
(/usr/share/texlive/texmf-dist/tex/generic/pgf/frontendlayer/tikz/libraries/tik
zlibraryshapes.multipart.code.tex
File: tikzlibraryshapes.multipart.code.tex 2008/01/09 v3.0.1a (rcs-revision 1.1
)

(/usr/share/texlive/texmf-dist/tex/generic/pgf/libraries/shapes/pgflibraryshape
s.multipart.code.tex
File: pgflibraryshapes.multipart.code.tex 2010/01/07 v3.0.1a (rcs-revision 1.2)

\pgfnodepartlowerbox=\box61
\pgfnodeparttwobox=\box62
\pgfnodepartthreebox=\box63
\pgfnodepartfourbox=\box64
\pgfnodeparttwentybox=\box65
\pgfnodepartnineteenbox=\box66
\pgfnodeparteighteenbox=\box67
\pgfnodepartseventeenbox=\box68
\pgfnodepartsixteenbox=\box69
\pgfnodepartfifteenbox=\box70
\pgfnodepartfourteenbox=\box71
\pgfnodepartthirteenbox=\box72
\pgfnodeparttwelvebox=\box73
\pgfnodepartelevenbox=\box74
\pgfnodeparttenbox=\box75
\pgfnodepartninebox=\box76
\pgfnodeparteightbox=\box77
\pgfnodepartsevenbox=\box78
\pgfnodepartsixbox=\box79
\pgfnodepartfivebox=\box80
)))
(/usr/share/texlive/texmf-dist/tex/generic/pgf/frontendlayer/tikz/libraries/tik
zlibrarybackgrounds.code.tex
File: tikzlibrarybackgrounds.code.tex 2013/07/18 v3.0.1a (rcs-revision 1.3)
\pgf@layerbox@background=\box81
\pgf@layerboxsaved@background=\box82
)
(/usr/share/texlive/texmf-dist/tex/latex/geometry/geometry.sty
Package: geometry 2010/09/12 v5.6 Page Geometry

(/usr/share/texlive/texmf-dist/tex/generic/oberdiek/ifpdf.sty
Package: ifpdf 2017/03/15 v3.2 Provides the ifpdf switch
)
(/usr/share/texlive/texmf-dist/tex/generic/oberdiek/ifvtex.sty
Package: ifvtex 2016/05/16 v1.6 Detect VTeX and its facilities (HO)
Package ifvtex Info: VTeX not detected.
)
(/usr/share/texlive/texmf-dist/tex/generic/ifxetex/ifxetex.sty
Package: ifxetex 2010/09/12 v0.6 Provides ifxetex conditional
)
\Gm@cnth=\count286
\Gm@cntv=\count287
\c@Gm@tempcnt=\count288
\Gm@bindingoffset=\dimen273
\Gm@wd@mp=\dimen274
\Gm@odd@mp=\dimen275
\Gm@even@mp=\dimen276
\Gm@layoutwidth=\dimen277
\Gm@layoutheight=\dimen278
\Gm@layouthoffset=\dimen279
\Gm@layoutvoffset=\dimen280
\Gm@dimlist=\toks41
)
(/usr/share/texlive/texmf-dist/tex/latex/bbold/bbold.sty
Package: bbold 1994/04/06 Bbold symbol package
LaTeX Font Info:    Redeclaring math alphabet \mathbb on input line 42.
)
(/usr/share/texlive/texmf-dist/tex/latex/listings/listings.sty
\lst@mode=\count289
\lst@gtempboxa=\box83
\lst@token=\toks42
\lst@length=\count290
\lst@currlwidth=\dimen281
\lst@column=\count291
\lst@pos=\count292
\lst@lostspace=\dimen282
\lst@width=\dimen283
\lst@newlines=\count293
\lst@lineno=\count294
\lst@maxwidth=\dimen284

(/usr/share/texlive/texmf-dist/tex/latex/listings/lstmisc.sty
File: lstmisc.sty 2015/06/04 1.6 (Carsten Heinz)
\c@lstnumber=\count295
\lst@skipnumbers=\count296
\lst@framebox=\box84
)
(/usr/share/texlive/texmf-dist/tex/latex/listings/listings.cfg
File: listings.cfg 2015/06/04 1.6 listings configuration
))
Package: listings 2015/06/04 1.6 (Carsten Heinz)

(/usr/share/texlive/texmf-dist/tex/latex/listings/lstlang1.sty
File: lstlang1.sty 2015/06/04 1.6 listings language file
)
(./ee131a_project_krauthammer.aux)
\openout1 = `ee131a_project_krauthammer.aux'.

LaTeX Font Info:    Checking defaults for OML/cmm/m/it on input line 40.
LaTeX Font Info:    ... okay on input line 40.
LaTeX Font Info:    Checking defaults for T1/cmr/m/n on input line 40.
LaTeX Font Info:    ... okay on input line 40.
LaTeX Font Info:    Checking defaults for OT1/cmr/m/n on input line 40.
LaTeX Font Info:    ... okay on input line 40.
LaTeX Font Info:    Checking defaults for OMS/cmsy/m/n on input line 40.
LaTeX Font Info:    ... okay on input line 40.
LaTeX Font Info:    Checking defaults for OMX/cmex/m/n on input line 40.
LaTeX Font Info:    ... okay on input line 40.
LaTeX Font Info:    Checking defaults for U/cmr/m/n on input line 40.
LaTeX Font Info:    ... okay on input line 40.
 ABD: EveryShipout initializing macros
(/usr/share/texlive/texmf-dist/tex/context/base/mkii/supp-pdf.mkii
[Loading MPS to PDF converter (version 2006.09.02).]
\scratchcounter=\count297
\scratchdimen=\dimen285
\scratchbox=\box85
\nofMPsegments=\count298
\nofMParguments=\count299
\everyMPshowfont=\toks43
\MPscratchCnt=\count300
\MPscratchDim=\dimen286
\MPnumerator=\count301
\makeMPintoPDFobject=\count302
\everyMPtoPDFconversion=\toks44
) (/usr/share/texlive/texmf-dist/tex/latex/oberdiek/epstopdf-base.sty
Package: epstopdf-base 2016/05/15 v2.6 Base part for package epstopdf

(/usr/share/texlive/texmf-dist/tex/generic/oberdiek/infwarerr.sty
Package: infwarerr 2016/05/16 v1.4 Providing info/warning/error messages (HO)
)
(/usr/share/texlive/texmf-dist/tex/latex/oberdiek/grfext.sty
Package: grfext 2016/05/16 v1.2 Manage graphics extensions (HO)

(/usr/share/texlive/texmf-dist/tex/generic/oberdiek/kvdefinekeys.sty
Package: kvdefinekeys 2016/05/16 v1.4 Define keys (HO)

(/usr/share/texlive/texmf-dist/tex/generic/oberdiek/ltxcmds.sty
Package: ltxcmds 2016/05/16 v1.23 LaTeX kernel commands for general use (HO)
)))
(/usr/share/texlive/texmf-dist/tex/latex/oberdiek/kvoptions.sty
Package: kvoptions 2016/05/16 v3.12 Key value format for package options (HO)

(/usr/share/texlive/texmf-dist/tex/generic/oberdiek/kvsetkeys.sty
Package: kvsetkeys 2016/05/16 v1.17 Key value parser (HO)

(/usr/share/texlive/texmf-dist/tex/generic/oberdiek/etexcmds.sty
Package: etexcmds 2016/05/16 v1.6 Avoid name clashes with e-TeX commands (HO)

(/usr/share/texlive/texmf-dist/tex/generic/oberdiek/ifluatex.sty
Package: ifluatex 2016/05/16 v1.4 Provides the ifluatex switch (HO)
Package ifluatex Info: LuaTeX not detected.
)
Package etexcmds Info: Could not find \expanded.
(etexcmds)             That can mean that you are not using pdfTeX 1.50 or
(etexcmds)             that some package has redefined \expanded.
(etexcmds)             In the latter case, load this package earlier.
)))
(/usr/share/texlive/texmf-dist/tex/generic/oberdiek/pdftexcmds.sty
Package: pdftexcmds 2018/01/21 v0.26 Utility functions of pdfTeX for LuaTeX (HO
)
Package pdftexcmds Info: LuaTeX not detected.
Package pdftexcmds Info: \pdf@primitive is available.
Package pdftexcmds Info: \pdf@ifprimitive is available.
Package pdftexcmds Info: \pdfdraftmode found.
)
Package epstopdf-base Info: Redefining graphics rule for `.eps' on input line 4
38.
Package grfext Info: Graphics extension search list:
(grfext)             [.pdf,.png,.jpg,.mps,.jpeg,.jbig2,.jb2,.PDF,.PNG,.JPG,.JPE
G,.JBIG2,.JB2,.eps]
(grfext)             \AppendGraphicsExtensions on input line 456.

(/usr/share/texlive/texmf-dist/tex/latex/latexconfig/epstopdf-sys.cfg
File: epstopdf-sys.cfg 2010/07/13 v1.3 Configuration of (r)epstopdf for TeX Liv
e
))
*geometry* driver: auto-detecting
*geometry* detected driver: pdftex
*geometry* verbose mode - [ preamble ] result:
* driver: pdftex
* paper: <default>
* layout: <same size as paper>
* layoutoffset:(h,v)=(0.0pt,0.0pt)
* modes: 
* h-part:(L,W,R)=(72.26999pt, 469.75502pt, 72.26999pt)
* v-part:(T,H,B)=(72.26999pt, 650.43001pt, 72.26999pt)
* \paperwidth=614.295pt
* \paperheight=794.96999pt
* \textwidth=469.75502pt
* \textheight=650.43001pt
* \oddsidemargin=0.0pt
* \evensidemargin=0.0pt
* \topmargin=-37.0pt
* \headheight=12.0pt
* \headsep=25.0pt
* \topskip=10.0pt
* \footskip=30.0pt
* \marginparwidth=65.0pt
* \marginparsep=11.0pt
* \columnsep=10.0pt
* \skip\footins=9.0pt plus 4.0pt minus 2.0pt
* \hoffset=0.0pt
* \voffset=0.0pt
* \mag=1000
* \@twocolumnfalse
* \@twosidefalse
* \@mparswitchfalse
* \@reversemarginfalse
* (1in=72.27pt=25.4mm, 1cm=28.453pt)

\c@lstlisting=\count303
LaTeX Font Info:    Try loading font information for U+msa on input line 42.
(/usr/share/texlive/texmf-dist/tex/latex/amsfonts/umsa.fd
File: umsa.fd 2013/01/14 v3.01 AMS symbols A
)
LaTeX Font Info:    Try loading font information for U+msb on input line 42.

(/usr/share/texlive/texmf-dist/tex/latex/amsfonts/umsb.fd
File: umsb.fd 2013/01/14 v3.01 AMS symbols B
)
Underfull \hbox (badness 10000) in paragraph at lines 44--45

 []


Underfull \hbox (badness 10000) in paragraph at lines 51--52

 []

[1

{/var/lib/texmf/fonts/map/pdftex/updmap/pdftex.map}]
Underfull \hbox (badness 10000) in paragraph at lines 106--107

 []

<./images/fairdie_p_odd.png, id=13, 722.7pt x 497.86pt>
File: ./images/fairdie_p_odd.png Graphic file (type png)
<use ./images/fairdie_p_odd.png>
Package pdftex.def Info: ./images/fairdie_p_odd.png  used on input line 108.
(pdftex.def)             Requested size: 361.3491pt x 248.92938pt.

Underfull \hbox (badness 10000) in paragraph at lines 110--111

 []


Underfull \hbox (badness 10000) in paragraph at lines 112--113

 []


Underfull \hbox (badness 10000) in paragraph at lines 120--121

 []


Underfull \hbox (badness 10000) in paragraph at lines 122--123

 []


Underfull \hbox (badness 10000) in paragraph at lines 124--125

 []


Underfull \hbox (badness 10000) in paragraph at lines 126--127

 []

[2 <./images/fairdie_p_odd.png>]
Underfull \hbox (badness 10000) in paragraph at lines 128--129

 []


Underfull \hbox (badness 10000) in paragraph at lines 140--141

 []

<./images/unfair_p_odd.png, id=23, 722.7pt x 497.86pt>
File: ./images/unfair_p_odd.png Graphic file (type png)
<use ./images/unfair_p_odd.png>
Package pdftex.def Info: ./images/unfair_p_odd.png  used on input line 142.
(pdftex.def)             Requested size: 361.3491pt x 248.92938pt.
[3 <./images/unfair_p_odd.png>]
Missing character: There is no â in font cmr10!
Missing character: There is no ˆ in font cmr10!
Missing character: There is no ’ in font cmr10!
 [4] [5]
<./images/bsc_sim_probs.png, id=35, 1188.44pt x 612.2875pt>
File: ./images/bsc_sim_probs.png Graphic file (type png)
<use ./images/bsc_sim_probs.png>
Package pdftex.def Info: ./images/bsc_sim_probs.png  used on input line 285.
(pdftex.def)             Requested size: 415.96024pt x 214.30383pt.

Underfull \hbox (badness 10000) in paragraph at lines 290--291

 []


Package amsmath Warning: Foreign command \atopwithdelims;
(amsmath)                \frac or \genfrac should be used instead
(amsmath)                 on input line 295.

[6 <./images/bsc_sim_probs.png>]
Underfull \hbox (badness 10000) in paragraph at lines 328--329

 []

<./images/bsc_theor_probs.png, id=45, 1188.44pt x 612.2875pt>
File: ./images/bsc_theor_probs.png Graphic file (type png)
<use ./images/bsc_theor_probs.png>
Package pdftex.def Info: ./images/bsc_theor_probs.png  used on input line 344.
(pdftex.def)             Requested size: 415.96024pt x 214.30383pt.
[7]
<./images/bsc_both_probs.png, id=50, 1188.44pt x 612.2875pt>
File: ./images/bsc_both_probs.png Graphic file (type png)
<use ./images/bsc_both_probs.png>
Package pdftex.def Info: ./images/bsc_both_probs.png  used on input line 348.
(pdftex.def)             Requested size: 415.96024pt x 214.30383pt.
<./images/bsc_theor_probs_largep.png, id=51, 1187.43625pt x 612.2875pt>
File: ./images/bsc_theor_probs_largep.png Graphic file (type png)
<use ./images/bsc_theor_probs_largep.png>
Package pdftex.def Info: ./images/bsc_theor_probs_largep.png  used on input lin
e 356.
(pdftex.def)             Requested size: 415.60892pt x 214.30383pt.
 [8 <./images/bsc_theor_probs.png> <./images/bsc_both_probs.png>] [9 <./images/
bsc_theor_probs_largep.png>]
<./images/pmf_s.png, id=61, 1385.175pt x 598.235pt>
File: ./images/pmf_s.png Graphic file (type png)
<use ./images/pmf_s.png>
Package pdftex.def Info: ./images/pmf_s.png  used on input line 404.
(pdftex.def)             Requested size: 484.81851pt x 209.38538pt.
<./images/pmf_c.png, id=62, 1385.175pt x 598.235pt>
File: ./images/pmf_c.png Graphic file (type png)
<use ./images/pmf_c.png>
Package pdftex.def Info: ./images/pmf_c.png  used on input line 405.
(pdftex.def)             Requested size: 484.81851pt x 209.38538pt.
<./images/pmf_g.png, id=63, 1385.175pt x 598.235pt>
File: ./images/pmf_g.png Graphic file (type png)
<use ./images/pmf_g.png>
Package pdftex.def Info: ./images/pmf_g.png  used on input line 406.
(pdftex.def)             Requested size: 484.81851pt x 209.38538pt.
<./images/pmf_a.png, id=64, 1392.20125pt x 615.29875pt>
File: ./images/pmf_a.png Graphic file (type png)
<use ./images/pmf_a.png>
Package pdftex.def Info: ./images/pmf_a.png  used on input line 407.
(pdftex.def)             Requested size: 487.27774pt x 215.35779pt.

Overfull \hbox (62.06352pt too wide) in paragraph at lines 404--408
[][]
 []


Overfull \hbox (62.06352pt too wide) in paragraph at lines 404--408
[]
 []


Overfull \hbox (62.06352pt too wide) in paragraph at lines 404--408
[]
 []


Overfull \hbox (64.52275pt too wide) in paragraph at lines 404--408
[] 
 []

[10] [11 <./images/pmf_s.png> <./images/pmf_c.png> <./images/pmf_g.png>]
<./images/pmf_c_s.png, id=74, 1392.20125pt x 598.235pt>
File: ./images/pmf_c_s.png Graphic file (type png)
<use ./images/pmf_c_s.png>
Package pdftex.def Info: ./images/pmf_c_s.png  used on input line 448.
(pdftex.def)             Requested size: 487.27774pt x 209.38538pt.
<./images/pmf_g_s.png, id=75, 1385.175pt x 598.235pt>
File: ./images/pmf_g_s.png Graphic file (type png)
<use ./images/pmf_g_s.png>
Package pdftex.def Info: ./images/pmf_g_s.png  used on input line 449.
(pdftex.def)             Requested size: 484.81851pt x 209.38538pt.
<./images/pmf_a_s.png, id=76, 1392.20125pt x 615.29875pt>
File: ./images/pmf_a_s.png Graphic file (type png)
<use ./images/pmf_a_s.png>
Package pdftex.def Info: ./images/pmf_a_s.png  used on input line 450.
(pdftex.def)             Requested size: 487.27774pt x 215.35779pt.
<./images/pmf_c_d.png, id=77, 1385.175pt x 598.235pt>
File: ./images/pmf_c_d.png Graphic file (type png)
<use ./images/pmf_c_d.png>
Package pdftex.def Info: ./images/pmf_c_d.png  used on input line 451.
(pdftex.def)             Requested size: 484.81851pt x 209.38538pt.
<./images/pmf_g_d.png, id=78, 1385.175pt x 598.235pt>
File: ./images/pmf_g_d.png Graphic file (type png)
<use ./images/pmf_g_d.png>
Package pdftex.def Info: ./images/pmf_g_d.png  used on input line 452.
(pdftex.def)             Requested size: 484.81851pt x 209.38538pt.
<./images/pmf_a_d.png, id=79, 1392.20125pt x 615.29875pt>
File: ./images/pmf_a_d.png Graphic file (type png)
<use ./images/pmf_a_d.png>
Package pdftex.def Info: ./images/pmf_a_d.png  used on input line 453.
(pdftex.def)             Requested size: 487.27774pt x 215.35779pt.

Overfull \hbox (64.52275pt too wide) in paragraph at lines 448--454
[][]
 []


Overfull \hbox (62.06352pt too wide) in paragraph at lines 448--454
[]
 []


Overfull \hbox (64.52275pt too wide) in paragraph at lines 448--454
[]
 []


Overfull \hbox (62.06352pt too wide) in paragraph at lines 448--454
[]
 []


Overfull \hbox (62.06352pt too wide) in paragraph at lines 448--454
[]
 []


Overfull \hbox (64.52275pt too wide) in paragraph at lines 448--454
[] 
 []

[12 <./images/pmf_a.png>] [13 <./images/pmf_c_s.png> <./images/pmf_g_s.png> <./
images/pmf_a_s.png>] [14 <./images/pmf_c_d.png> <./images/pmf_g_d.png> <./image
s/pmf_a_d.png>]
Overfull \hbox (67.15779pt too wide) detected at line 460
\OML/cmm/m/it/10 P\OT1/cmr/m/n/10 (\OML/cmm/m/it/10 C; G; A\OMS/cmsy/m/n/10 j\O
ML/cmm/m/it/10 S \OT1/cmr/m/n/10 = 0) = (\OML/cmm/m/it/10 C\OMS/cmsy/m/n/10 j\O
ML/cmm/m/it/10 S \OT1/cmr/m/n/10 = 0)\OML/cmm/m/it/10 P\OT1/cmr/m/n/10 (\OML/cm
m/m/it/10 G\OMS/cmsy/m/n/10 j\OML/cmm/m/it/10 S \OT1/cmr/m/n/10 = 0)\OML/cmm/m/
it/10 P\OT1/cmr/m/n/10 (\OML/cmm/m/it/10 A\OMS/cmsy/m/n/10 j\OML/cmm/m/it/10 S 
\OT1/cmr/m/n/10 = 0) \OML/cmm/m/it/10 and P\OT1/cmr/m/n/10 (\OML/cmm/m/it/10 C;
 G; A\OMS/cmsy/m/n/10 j\OML/cmm/m/it/10 S \OT1/cmr/m/n/10 = 1) = (\OML/cmm/m/it
/10 C\OMS/cmsy/m/n/10 j\OML/cmm/m/it/10 S \OT1/cmr/m/n/10 = 1)\OML/cmm/m/it/10 
P\OT1/cmr/m/n/10 (\OML/cmm/m/it/10 G\OMS/cmsy/m/n/10 j\OML/cmm/m/it/10 S \OT1/c
mr/m/n/10 = 1)\OML/cmm/m/it/10 P\OT1/cmr/m/n/10 (\OML/cmm/m/it/10 A\OMS/cmsy/m/
n/10 j\OML/cmm/m/it/10 S \OT1/cmr/m/n/10 = 1)
 []

[15]
Underfull \hbox (badness 10000) in paragraph at lines 522--523

 []


Underfull \hbox (badness 10000) in paragraph at lines 530--531

 []

[16] [17]
Underfull \hbox (badness 10000) in paragraph at lines 644--645

 []

[18]
Underfull \hbox (badness 10000) in paragraph at lines 672--673

 []

<./images/Zn_pdf_comparison.png, id=109, 625.33624pt x 596.2275pt>
File: ./images/Zn_pdf_comparison.png Graphic file (type png)
<use ./images/Zn_pdf_comparison.png>
Package pdftex.def Info: ./images/Zn_pdf_comparison.png  used on input line 674
.
(pdftex.def)             Requested size: 312.66736pt x 298.11302pt.
[19 <./images/Zn_pdf_comparison.png>]
Underfull \hbox (badness 10000) in paragraph at lines 697--698

 []

[20]
Underfull \hbox (badness 10000) in paragraph at lines 753--754

 []

<./images/Zn_pdf_with_gaussian.png, id=118, 618.31pt x 596.2275pt>
File: ./images/Zn_pdf_with_gaussian.png Graphic file (type png)
<use ./images/Zn_pdf_with_gaussian.png>
Package pdftex.def Info: ./images/Zn_pdf_with_gaussian.png  used on input line 
755.
(pdftex.def)             Requested size: 309.15424pt x 298.11302pt.
[21 <./images/Zn_pdf_with_gaussian.png>]
<./images/Zn_discr_pdf_with_gaussian.png, id=123, 618.31pt x 596.2275pt>
File: ./images/Zn_discr_pdf_with_gaussian.png Graphic file (type png)
<use ./images/Zn_discr_pdf_with_gaussian.png>
Package pdftex.def Info: ./images/Zn_discr_pdf_with_gaussian.png  used on input
 line 811.
(pdftex.def)             Requested size: 309.15424pt x 298.11302pt.
 [22] [23 <./images/Zn_discr_pdf_with_gaussian.png>] (./ee131a_project_krautham
mer.aux) ) 
Here is how much of TeX's memory you used:
 24998 strings out of 492982
 502669 string characters out of 6134896
 608432 words of memory out of 5000000
 28194 multiletter control sequences out of 15000+600000
 537895 words of font info for 53 fonts, out of 8000000 for 9000
 1141 hyphenation exceptions out of 8191
 55i,15n,67p,10412b,1855s stack positions out of 5000i,500n,10000p,200000b,80000s
</usr/share/texlive/texmf-dist/fonts/type1/public/amsfonts/cm/cmex10.
pfb></usr/share/texlive/texmf-dist/fonts/type1/public/amsfonts/cm/cmmi10.pfb></
usr/share/texlive/texmf-dist/fonts/type1/public/amsfonts/cm/cmmi5.pfb></usr/sha
re/texlive/texmf-dist/fonts/type1/public/amsfonts/cm/cmmi7.pfb></usr/share/texl
ive/texmf-dist/fonts/type1/public/amsfonts/cm/cmr10.pfb></usr/share/texlive/tex
mf-dist/fonts/type1/public/amsfonts/cm/cmr12.pfb></usr/share/texlive/texmf-dist
/fonts/type1/public/amsfonts/cm/cmr17.pfb></usr/share/texlive/texmf-dist/fonts/
type1/public/amsfonts/cm/cmr5.pfb></usr/share/texlive/texmf-dist/fonts/type1/pu
blic/amsfonts/cm/cmr7.pfb></usr/share/texlive/texmf-dist/fonts/type1/public/ams
fonts/cm/cmsy10.pfb></usr/share/texlive/texmf-dist/fonts/type1/public/amsfonts/
cm/cmsy7.pfb></usr/share/texlive/texmf-dist/fonts/type1/public/amsfonts/cm/cmti
10.pfb></usr/share/texlive/texmf-dist/fonts/type1/public/amsfonts/cm/cmtt10.pfb
></usr/share/texlive/texmf-dist/fonts/type1/public/amsfonts/cm/cmtt9.pfb>
Output written on ee131a_project_krauthammer.pdf (23 pages, 683959 bytes).
PDF statistics:
 176 PDF objects out of 1000 (max. 8388607)
 98 compressed objects within 1 object stream
 0 named destinations out of 1000 (max. 500000)
 108 words of extra memory for PDF output out of 10000 (max. 10000000)

